#-----------------------------------------------------------
# Vivado v2018.2 (64-bit)
# SW Build 2258646 on Thu Jun 14 20:03:12 MDT 2018
# IP Build 2256618 on Thu Jun 14 22:10:49 MDT 2018
# Start of session at: Sun Jun  9 19:03:00 2024
# Process ID: 17924
# Current directory: E:/worktest/project_1
# Command line: vivado.exe -gui_launcher_event rodinguilauncherevent23640 E:\worktest\project_1\project_1.xpr
# Log file: E:/worktest/project_1/vivado.log
# Journal file: E:/worktest/project_1\vivado.jou
#-----------------------------------------------------------
start_gui
open_project E:/worktest/project_1/project_1.xpr
Scanning sources...
Finished scanning sources
INFO: [IP_Flow 19-234] Refreshing IP repositories
INFO: [IP_Flow 19-1704] No user IP repositories specified
INFO: [IP_Flow 19-2313] Loaded Vivado IP repository 'D:/Vivado/2018.2/data/ip'.
update_compile_order -fileset sources_1
exit
INFO: [Common 17-206] Exiting Vivado at Sun Jun  9 19:04:07 2024...
