Copyright 1986-2018 Xilinx, Inc. All Rights Reserved.
---------------------------------------------------------------------------------------
| Tool Version : Vivado v.2018.2 (win64) Build 2258646 Thu Jun 14 20:03:12 MDT 2018
| Date         : Tue Jun 11 11:08:13 2024
| Host         : li running 64-bit major release  (build 9200)
| Command      : report_control_sets -verbose -file top_module_control_sets_placed.rpt
| Design       : top_module
| Device       : xc7a100t
---------------------------------------------------------------------------------------

Control Set Information

Table of Contents
-----------------
1. Summary
2. Histogram
3. Flip-Flop Distribution
4. Detailed Control Set Information

1. Summary
----------

+----------------------------------------------------------+-------+
|                          Status                          | Count |
+----------------------------------------------------------+-------+
| Number of unique control sets                            |     6 |
| Unused register locations in slices containing registers |    14 |
+----------------------------------------------------------+-------+


2. Histogram
------------

+--------+--------------+
| Fanout | Control Sets |
+--------+--------------+
|      2 |            1 |
|      8 |            3 |
|    16+ |            2 |
+--------+--------------+


3. Flip-Flop Distribution
-------------------------

+--------------+-----------------------+------------------------+-----------------+--------------+
| Clock Enable | Synchronous Set/Reset | Asynchronous Set/Reset | Total Registers | Total Slices |
+--------------+-----------------------+------------------------+-----------------+--------------+
| No           | No                    | No                     |               0 |            0 |
| No           | No                    | Yes                    |              60 |           10 |
| No           | Yes                   | No                     |               0 |            0 |
| Yes          | No                    | No                     |               8 |            1 |
| Yes          | No                    | Yes                    |              46 |            6 |
| Yes          | Yes                   | No                     |               0 |            0 |
+--------------+-----------------------+------------------------+-----------------+--------------+


4. Detailed Control Set Information
-----------------------------------

+----------------+----------------------+------------------+------------------+----------------+
|  Clock Signal  |     Enable Signal    | Set/Reset Signal | Slice Load Count | Bel Load Count |
+----------------+----------------------+------------------+------------------+----------------+
|  clk_IBUF_BUFG | uart/tx_pin_i_1_n_0  | reset_IBUF       |                1 |              2 |
|  clk_IBUF_BUFG | uart/data[3]_i_1_n_0 |                  |                1 |              8 |
|  clk_IBUF_BUFG | uart/bit_count       | reset_IBUF       |                1 |              8 |
|  clk_IBUF_BUFG | tx_data              | reset_IBUF       |                1 |              8 |
|  clk_IBUF_BUFG | uart/clk_count_0     | reset_IBUF       |                3 |             28 |
|  clk_IBUF_BUFG |                      | reset_IBUF       |               10 |             60 |
+----------------+----------------------+------------------+------------------+----------------+


